  StrategyPrototype.cpp
C:\Users\Bogdan Strohonov\Desktop\StrategyPrototype\StrategyPrototype\GameEntity.h(175,21): warning C4099: 'MapRessource': type name first seen using 'class' now seen using 'struct'
C:\Users\Bogdan Strohonov\Desktop\StrategyPrototype\StrategyPrototype\GameEntity.h(175): message : see declaration of 'MapRessource'
C:\Users\Bogdan Strohonov\Desktop\StrategyPrototype\StrategyPrototype\StrategyPrototype.cpp(130,60): warning C4244: '=': conversion from 'int32_t' to 'float', possible loss of data
C:\Users\Bogdan Strohonov\Desktop\StrategyPrototype\StrategyPrototype\StrategyPrototype.cpp(131,60): warning C4244: '=': conversion from 'int32_t' to 'float', possible loss of data
C:\Users\Bogdan Strohonov\Desktop\StrategyPrototype\StrategyPrototype\StrategyPrototype.cpp(142,18): warning C4244: 'initializing': conversion from 'int' to 'float', possible loss of data
C:\Users\Bogdan Strohonov\Desktop\StrategyPrototype\StrategyPrototype\StrategyPrototype.cpp(143,18): warning C4244: 'initializing': conversion from 'int' to 'float', possible loss of data
C:\Users\Bogdan Strohonov\Desktop\StrategyPrototype\StrategyPrototype\StrategyPrototype.cpp(149,15): warning C4244: 'initializing': conversion from 'int32_t' to 'float', possible loss of data
C:\Users\Bogdan Strohonov\Desktop\StrategyPrototype\StrategyPrototype\StrategyPrototype.cpp(150,15): warning C4244: 'initializing': conversion from 'int32_t' to 'float', possible loss of data
C:\Users\Bogdan Strohonov\Desktop\StrategyPrototype\StrategyPrototype\StrategyPrototype.cpp(235,16): warning C4244: 'initializing': conversion from 'float' to 'int', possible loss of data
C:\Users\Bogdan Strohonov\Desktop\StrategyPrototype\StrategyPrototype\StrategyPrototype.cpp(261,38): warning C4267: 'initializing': conversion from 'size_t' to 'int', possible loss of data
C:\Users\Bogdan Strohonov\Desktop\StrategyPrototype\StrategyPrototype\StrategyPrototype.cpp(310,63): warning C4267: 'argument': conversion from 'size_t' to 'T', possible loss of data
          with
          [
              T=int32_t
          ]
C:\Users\Bogdan Strohonov\Desktop\StrategyPrototype\StrategyPrototype\StrategyPrototype.cpp(358,25): warning C4267: 'initializing': conversion from 'size_t' to 'int', possible loss of data
C:\Users\Bogdan Strohonov\Desktop\StrategyPrototype\StrategyPrototype\StrategyPrototype.cpp(359,25): warning C4267: 'initializing': conversion from 'size_t' to 'int', possible loss of data
C:\Users\Bogdan Strohonov\Desktop\StrategyPrototype\StrategyPrototype\StrategyPrototype.cpp(510,36): warning C4244: 'argument': conversion from 'int' to 'T', possible loss of data
          with
          [
              T=float
          ]
C:\Users\Bogdan Strohonov\Desktop\StrategyPrototype\StrategyPrototype\StrategyPrototype.cpp(510,30): warning C4244: 'argument': conversion from 'int' to 'T', possible loss of data
          with
          [
              T=float
          ]
C:\Users\Bogdan Strohonov\Desktop\StrategyPrototype\StrategyPrototype\StrategyPrototype.cpp(521,38): warning C4244: 'argument': conversion from 'int' to 'T', possible loss of data
          with
          [
              T=float
          ]
C:\Users\Bogdan Strohonov\Desktop\StrategyPrototype\StrategyPrototype\StrategyPrototype.cpp(521,32): warning C4244: 'argument': conversion from 'int' to 'T', possible loss of data
          with
          [
              T=float
          ]
C:\Users\Bogdan Strohonov\Desktop\StrategyPrototype\StrategyPrototype\StrategyPrototype.cpp(527,38): warning C4244: 'argument': conversion from 'int' to 'T', possible loss of data
          with
          [
              T=float
          ]
C:\Users\Bogdan Strohonov\Desktop\StrategyPrototype\StrategyPrototype\StrategyPrototype.cpp(527,32): warning C4244: 'argument': conversion from 'int' to 'T', possible loss of data
          with
          [
              T=float
          ]
C:\Users\Bogdan Strohonov\Desktop\StrategyPrototype\StrategyPrototype\StrategyPrototype.cpp(616,36): warning C4244: 'argument': conversion from 'int' to 'T', possible loss of data
          with
          [
              T=float
          ]
C:\Users\Bogdan Strohonov\Desktop\StrategyPrototype\StrategyPrototype\StrategyPrototype.cpp(616,30): warning C4244: 'argument': conversion from 'int' to 'T', possible loss of data
          with
          [
              T=float
          ]
C:\Users\Bogdan Strohonov\Desktop\StrategyPrototype\StrategyPrototype\StrategyPrototype.cpp(627,38): warning C4244: 'argument': conversion from 'int' to 'T', possible loss of data
          with
          [
              T=float
          ]
C:\Users\Bogdan Strohonov\Desktop\StrategyPrototype\StrategyPrototype\StrategyPrototype.cpp(627,32): warning C4244: 'argument': conversion from 'int' to 'T', possible loss of data
          with
          [
              T=float
          ]
C:\Users\Bogdan Strohonov\Desktop\StrategyPrototype\StrategyPrototype\StrategyPrototype.cpp(633,38): warning C4244: 'argument': conversion from 'int' to 'T', possible loss of data
          with
          [
              T=float
          ]
C:\Users\Bogdan Strohonov\Desktop\StrategyPrototype\StrategyPrototype\StrategyPrototype.cpp(633,32): warning C4244: 'argument': conversion from 'int' to 'T', possible loss of data
          with
          [
              T=float
          ]
C:\Users\Bogdan Strohonov\Desktop\StrategyPrototype\StrategyPrototype\StrategyPrototype.cpp(659,35): warning C4267: 'initializing': conversion from 'size_t' to 'int', possible loss of data
C:\Users\Bogdan Strohonov\Desktop\StrategyPrototype\StrategyPrototype\StrategyPrototype.cpp(768,36): warning C4244: 'argument': conversion from 'int' to 'T', possible loss of data
          with
          [
              T=float
          ]
C:\Users\Bogdan Strohonov\Desktop\StrategyPrototype\StrategyPrototype\StrategyPrototype.cpp(768,30): warning C4244: 'argument': conversion from 'int' to 'T', possible loss of data
          with
          [
              T=float
          ]
C:\Users\Bogdan Strohonov\Desktop\StrategyPrototype\StrategyPrototype\StrategyPrototype.cpp(779,38): warning C4244: 'argument': conversion from 'int' to 'T', possible loss of data
          with
          [
              T=float
          ]
C:\Users\Bogdan Strohonov\Desktop\StrategyPrototype\StrategyPrototype\StrategyPrototype.cpp(779,32): warning C4244: 'argument': conversion from 'int' to 'T', possible loss of data
          with
          [
              T=float
          ]
C:\Users\Bogdan Strohonov\Desktop\StrategyPrototype\StrategyPrototype\StrategyPrototype.cpp(785,38): warning C4244: 'argument': conversion from 'int' to 'T', possible loss of data
          with
          [
              T=float
          ]
C:\Users\Bogdan Strohonov\Desktop\StrategyPrototype\StrategyPrototype\StrategyPrototype.cpp(785,32): warning C4244: 'argument': conversion from 'int' to 'T', possible loss of data
          with
          [
              T=float
          ]
C:\Users\Bogdan Strohonov\Desktop\StrategyPrototype\StrategyPrototype\StrategyPrototype.cpp(989,21): warning C4244: '=': conversion from 'float' to 'int', possible loss of data
C:\Users\Bogdan Strohonov\Desktop\StrategyPrototype\StrategyPrototype\StrategyPrototype.cpp(2484,6): warning C4101: 'id': unreferenced local variable
C:\Users\Bogdan Strohonov\Desktop\StrategyPrototype\StrategyPrototype\StrategyPrototype.cpp(3013,46): warning C4244: 'argument': conversion from 'float' to 'uint32_t', possible loss of data
C:\Users\Bogdan Strohonov\Desktop\StrategyPrototype\StrategyPrototype\StrategyPrototype.cpp(3016,53): warning C4244: 'argument': conversion from 'float' to 'uint32_t', possible loss of data
C:\Users\Bogdan Strohonov\Desktop\StrategyPrototype\StrategyPrototype\StrategyPrototype.cpp(3020,53): warning C4244: 'argument': conversion from 'float' to 'uint32_t', possible loss of data
C:\Users\Bogdan Strohonov\Desktop\StrategyPrototype\StrategyPrototype\StrategyPrototype.cpp(3024,58): warning C4244: 'argument': conversion from 'float' to 'uint32_t', possible loss of data
C:\Users\Bogdan Strohonov\Desktop\StrategyPrototype\StrategyPrototype\StrategyPrototype.cpp(3028,57): warning C4244: 'argument': conversion from 'float' to 'uint32_t', possible loss of data
C:\Users\Bogdan Strohonov\Desktop\StrategyPrototype\StrategyPrototype\StrategyPrototype.cpp(3038,58): warning C4244: 'argument': conversion from 'float' to 'uint32_t', possible loss of data
C:\Users\Bogdan Strohonov\Desktop\StrategyPrototype\StrategyPrototype\StrategyPrototype.cpp(3049,58): warning C4244: 'argument': conversion from 'float' to 'uint32_t', possible loss of data
C:\Users\Bogdan Strohonov\Desktop\StrategyPrototype\StrategyPrototype\StrategyPrototype.cpp(3067,96): warning C4244: 'argument': conversion from 'float' to 'uint32_t', possible loss of data
C:\Users\Bogdan Strohonov\Desktop\StrategyPrototype\StrategyPrototype\StrategyPrototype.cpp(3071,106): warning C4244: 'argument': conversion from 'float' to 'uint32_t', possible loss of data
C:\Users\Bogdan Strohonov\Desktop\StrategyPrototype\StrategyPrototype\StrategyPrototype.cpp(3075,108): warning C4244: 'argument': conversion from 'float' to 'uint32_t', possible loss of data
C:\Users\Bogdan Strohonov\Desktop\StrategyPrototype\StrategyPrototype\StrategyPrototype.cpp(3083,110): warning C4244: 'argument': conversion from 'float' to 'uint32_t', possible loss of data
C:\Users\Bogdan Strohonov\Desktop\StrategyPrototype\StrategyPrototype\StrategyPrototype.cpp(3093,55): warning C4244: 'argument': conversion from 'float' to 'uint32_t', possible loss of data
C:\Users\Bogdan Strohonov\Desktop\StrategyPrototype\StrategyPrototype\StrategyPrototype.cpp(3231,76): warning C4244: 'argument': conversion from 'int' to 'T', possible loss of data
          with
          [
              T=float
          ]
C:\Users\Bogdan Strohonov\Desktop\StrategyPrototype\StrategyPrototype\StrategyPrototype.cpp(3231,46): warning C4244: 'argument': conversion from 'int' to 'T', possible loss of data
          with
          [
              T=float
          ]
C:\Users\Bogdan Strohonov\Desktop\StrategyPrototype\StrategyPrototype\StrategyPrototype.cpp(3626,47): warning C4244: 'argument': conversion from 'int' to 'T', possible loss of data
          with
          [
              T=float
          ]
C:\Users\Bogdan Strohonov\Desktop\StrategyPrototype\StrategyPrototype\StrategyPrototype.cpp(3696,167): warning C4390: ';': empty controlled statement found; is this the intent?
C:\Users\Bogdan Strohonov\Desktop\StrategyPrototype\StrategyPrototype\StrategyPrototype.cpp(3700,192): warning C4390: ';': empty controlled statement found; is this the intent?
C:\Users\Bogdan Strohonov\Desktop\StrategyPrototype\StrategyPrototype\StrategyPrototype.cpp(3742,16): warning C4101: 'err': unreferenced local variable
C:\Users\Bogdan Strohonov\Desktop\StrategyPrototype\StrategyPrototype\StrategyPrototype.cpp(952): warning C4715: 'GetPlayer': not all control paths return a value
C:\Users\Bogdan Strohonov\Desktop\StrategyPrototype\StrategyPrototype\StrategyPrototype.cpp(1124): warning C4715: 'Game::RandomColor': not all control paths return a value
C:\Users\Bogdan Strohonov\Desktop\StrategyPrototype\StrategyPrototype\StrategyPrototype.cpp(1104): warning C4172: returning address of local variable or temporary
C:\Users\Bogdan Strohonov\Desktop\StrategyPrototype\StrategyPrototype\StrategyPrototype.cpp(1107): warning C4172: returning address of local variable or temporary
C:\Users\Bogdan Strohonov\Desktop\StrategyPrototype\StrategyPrototype\StrategyPrototype.cpp(1110): warning C4172: returning address of local variable or temporary
C:\Users\Bogdan Strohonov\Desktop\StrategyPrototype\StrategyPrototype\StrategyPrototype.cpp(1113): warning C4172: returning address of local variable or temporary
C:\Users\Bogdan Strohonov\Desktop\StrategyPrototype\StrategyPrototype\StrategyPrototype.cpp(1116): warning C4172: returning address of local variable or temporary
C:\Users\Bogdan Strohonov\Desktop\StrategyPrototype\StrategyPrototype\StrategyPrototype.cpp(1119): warning C4172: returning address of local variable or temporary
C:\Users\Bogdan Strohonov\Desktop\StrategyPrototype\StrategyPrototype\StrategyPrototype.cpp(2271): warning C4715: 'IMGUI::AddSprite': not all control paths return a value
C:\Users\Bogdan Strohonov\Desktop\StrategyPrototype\StrategyPrototype\Components.h(173): warning C4715: 'CMPArtificialIntelligence::TryExecuteStateLogic': not all control paths return a value
  StrategyPrototype.vcxproj -> C:\Users\Bogdan Strohonov\Desktop\StrategyPrototype\x64\Debug\StrategyPrototype.exe
