C:\Program Files (x86)\Microsoft Visual Studio\2019\Enterprise\MSBuild\Microsoft\VC\v160\Microsoft.CppBuild.targets(476,5): warning MSB8004: Intermediate Directory does not end with a trailing slash.  This build instance will add the slash as it is required to allow proper evaluation of the Intermediate Directory.
C:\Program Files (x86)\Microsoft Visual Studio\2019\Enterprise\MSBuild\Microsoft\VC\v160\Microsoft.CppBuild.targets(477,5): warning MSB8004: Output Directory does not end with a trailing slash.  This build instance will add the slash as it is required to allow proper evaluation of the Output Directory.
  StrategyPrototype.cpp
C:\Users\Bogdan Strohonov\Desktop\StrategyPrototype\StrategyPrototype\GameEntity.h(104,21): warning C4099: 'MapRessource': type name first seen using 'class' now seen using 'struct'
C:\Users\Bogdan Strohonov\Desktop\StrategyPrototype\StrategyPrototype\GameEntity.h(104): message : see declaration of 'MapRessource'
C:\Users\Bogdan Strohonov\Desktop\StrategyPrototype\StrategyPrototype\StrategyPrototype.cpp(18,60): warning C4244: '=': conversion from 'int32_t' to 'float', possible loss of data
C:\Users\Bogdan Strohonov\Desktop\StrategyPrototype\StrategyPrototype\StrategyPrototype.cpp(19,60): warning C4244: '=': conversion from 'int32_t' to 'float', possible loss of data
C:\Users\Bogdan Strohonov\Desktop\StrategyPrototype\StrategyPrototype\StrategyPrototype.cpp(30,18): warning C4244: 'initializing': conversion from 'int' to 'float', possible loss of data
C:\Users\Bogdan Strohonov\Desktop\StrategyPrototype\StrategyPrototype\StrategyPrototype.cpp(31,18): warning C4244: 'initializing': conversion from 'int' to 'float', possible loss of data
C:\Users\Bogdan Strohonov\Desktop\StrategyPrototype\StrategyPrototype\StrategyPrototype.cpp(37,15): warning C4244: 'initializing': conversion from 'int32_t' to 'float', possible loss of data
C:\Users\Bogdan Strohonov\Desktop\StrategyPrototype\StrategyPrototype\StrategyPrototype.cpp(38,15): warning C4244: 'initializing': conversion from 'int32_t' to 'float', possible loss of data
C:\Users\Bogdan Strohonov\Desktop\StrategyPrototype\StrategyPrototype\StrategyPrototype.cpp(1820,55): warning C4244: 'argument': conversion from 'float' to 'uint32_t', possible loss of data
C:\Users\Bogdan Strohonov\Desktop\StrategyPrototype\StrategyPrototype\StrategyPrototype.cpp(1825,59): warning C4244: 'argument': conversion from 'float' to 'uint32_t', possible loss of data
C:\Users\Bogdan Strohonov\Desktop\StrategyPrototype\StrategyPrototype\StrategyPrototype.cpp(1838,46): warning C4244: 'argument': conversion from 'float' to 'uint32_t', possible loss of data
C:\Users\Bogdan Strohonov\Desktop\StrategyPrototype\StrategyPrototype\StrategyPrototype.cpp(1841,53): warning C4244: 'argument': conversion from 'float' to 'uint32_t', possible loss of data
C:\Users\Bogdan Strohonov\Desktop\StrategyPrototype\StrategyPrototype\StrategyPrototype.cpp(1845,53): warning C4244: 'argument': conversion from 'float' to 'uint32_t', possible loss of data
C:\Users\Bogdan Strohonov\Desktop\StrategyPrototype\StrategyPrototype\StrategyPrototype.cpp(1849,58): warning C4244: 'argument': conversion from 'float' to 'uint32_t', possible loss of data
C:\Users\Bogdan Strohonov\Desktop\StrategyPrototype\StrategyPrototype\StrategyPrototype.cpp(1853,57): warning C4244: 'argument': conversion from 'float' to 'uint32_t', possible loss of data
C:\Users\Bogdan Strohonov\Desktop\StrategyPrototype\StrategyPrototype\StrategyPrototype.cpp(1863,58): warning C4244: 'argument': conversion from 'float' to 'uint32_t', possible loss of data
C:\Users\Bogdan Strohonov\Desktop\StrategyPrototype\StrategyPrototype\StrategyPrototype.cpp(1874,58): warning C4244: 'argument': conversion from 'float' to 'uint32_t', possible loss of data
C:\Users\Bogdan Strohonov\Desktop\StrategyPrototype\StrategyPrototype\StrategyPrototype.cpp(1892,96): warning C4244: 'argument': conversion from 'float' to 'uint32_t', possible loss of data
C:\Users\Bogdan Strohonov\Desktop\StrategyPrototype\StrategyPrototype\StrategyPrototype.cpp(1896,106): warning C4244: 'argument': conversion from 'float' to 'uint32_t', possible loss of data
C:\Users\Bogdan Strohonov\Desktop\StrategyPrototype\StrategyPrototype\StrategyPrototype.cpp(1900,108): warning C4244: 'argument': conversion from 'float' to 'uint32_t', possible loss of data
C:\Users\Bogdan Strohonov\Desktop\StrategyPrototype\StrategyPrototype\StrategyPrototype.cpp(1908,110): warning C4244: 'argument': conversion from 'float' to 'uint32_t', possible loss of data
C:\Users\Bogdan Strohonov\Desktop\StrategyPrototype\StrategyPrototype\StrategyPrototype.cpp(1918,55): warning C4244: 'argument': conversion from 'float' to 'uint32_t', possible loss of data
C:\Users\Bogdan Strohonov\Desktop\StrategyPrototype\StrategyPrototype\StrategyPrototype.cpp(2467,16): warning C4101: 'err': unreferenced local variable
C:\Users\Bogdan Strohonov\Desktop\StrategyPrototype\StrategyPrototype\StrategyPrototype.cpp(215): warning C4715: 'GetPlayer': not all control paths return a value
C:\Users\Bogdan Strohonov\Desktop\StrategyPrototype\StrategyPrototype\StrategyPrototype.cpp(361): warning C4715: 'Game::RandomColor': not all control paths return a value
C:\Users\Bogdan Strohonov\Desktop\StrategyPrototype\StrategyPrototype\StrategyPrototype.cpp(341): warning C4172: returning address of local variable or temporary
C:\Users\Bogdan Strohonov\Desktop\StrategyPrototype\StrategyPrototype\StrategyPrototype.cpp(344): warning C4172: returning address of local variable or temporary
C:\Users\Bogdan Strohonov\Desktop\StrategyPrototype\StrategyPrototype\StrategyPrototype.cpp(347): warning C4172: returning address of local variable or temporary
C:\Users\Bogdan Strohonov\Desktop\StrategyPrototype\StrategyPrototype\StrategyPrototype.cpp(350): warning C4172: returning address of local variable or temporary
C:\Users\Bogdan Strohonov\Desktop\StrategyPrototype\StrategyPrototype\StrategyPrototype.cpp(353): warning C4172: returning address of local variable or temporary
C:\Users\Bogdan Strohonov\Desktop\StrategyPrototype\StrategyPrototype\StrategyPrototype.cpp(356): warning C4172: returning address of local variable or temporary
C:\Users\Bogdan Strohonov\Desktop\StrategyPrototype\StrategyPrototype\Components.h(162): warning C4715: 'CMPArtificialIntelligence::TryExecuteStateLogic': not all control paths return a value
  StrategyPrototype.vcxproj -> C:\Users\Bogdan Strohonov\Desktop\StrategyPrototype\\StrategyPrototype\bin\Debug-Win32\StrategyPrototype\StrategyPrototype.exe
