C:\Program Files (x86)\Microsoft Visual Studio\2019\Enterprise\MSBuild\Microsoft\VC\v160\Microsoft.CppBuild.targets(476,5): warning MSB8004: Intermediate Directory does not end with a trailing slash.  This build instance will add the slash as it is required to allow proper evaluation of the Intermediate Directory.
C:\Program Files (x86)\Microsoft Visual Studio\2019\Enterprise\MSBuild\Microsoft\VC\v160\Microsoft.CppBuild.targets(477,5): warning MSB8004: Output Directory does not end with a trailing slash.  This build instance will add the slash as it is required to allow proper evaluation of the Output Directory.
  GameEntity.cpp
C:\Users\Bogdan Strohonov\Desktop\StrategyPrototype\StrategyPrototype\GameEntity.h(550,21): warning C4099: 'MapRessource': type name first seen using 'class' now seen using 'struct'
C:\Users\Bogdan Strohonov\Desktop\StrategyPrototype\StrategyPrototype\GameEntity.h(550): message : see declaration of 'MapRessource'
C:\Users\Bogdan Strohonov\Desktop\StrategyPrototype\StrategyPrototype\GameEntity.cpp(1268,21): warning C4101: 'err': unreferenced local variable
C:\Users\Bogdan Strohonov\Desktop\StrategyPrototype\StrategyPrototype\GameEntity.cpp(1281,21): warning C4101: 'err': unreferenced local variable
C:\Users\Bogdan Strohonov\Desktop\StrategyPrototype\StrategyPrototype\GameEntity.cpp(6660,24): warning C4554: '&': check operator precedence for possible error; use parentheses to clarify precedence
C:\Users\Bogdan Strohonov\Desktop\StrategyPrototype\StrategyPrototype\GameEntity.cpp(6912,23): warning C4018: '<': signed/unsigned mismatch
  StrategyPrototype.cpp
C:\Users\Bogdan Strohonov\Desktop\StrategyPrototype\StrategyPrototype\GameEntity.h(550,21): warning C4099: 'MapRessource': type name first seen using 'class' now seen using 'struct'
C:\Users\Bogdan Strohonov\Desktop\StrategyPrototype\StrategyPrototype\GameEntity.h(550): message : see declaration of 'MapRessource'
C:\Users\Bogdan Strohonov\Desktop\StrategyPrototype\StrategyPrototype\StrategyPrototype.h(265,1): warning C4267: 'initializing': conversion from 'size_t' to 'int', possible loss of data
C:\Users\Bogdan Strohonov\Desktop\StrategyPrototype\StrategyPrototype\StrategyPrototype.cpp(517,60): warning C4244: '=': conversion from 'int32_t' to 'float', possible loss of data
C:\Users\Bogdan Strohonov\Desktop\StrategyPrototype\StrategyPrototype\StrategyPrototype.cpp(518,60): warning C4244: '=': conversion from 'int32_t' to 'float', possible loss of data
C:\Users\Bogdan Strohonov\Desktop\StrategyPrototype\StrategyPrototype\StrategyPrototype.cpp(529,18): warning C4244: 'initializing': conversion from 'int' to 'float', possible loss of data
C:\Users\Bogdan Strohonov\Desktop\StrategyPrototype\StrategyPrototype\StrategyPrototype.cpp(530,18): warning C4244: 'initializing': conversion from 'int' to 'float', possible loss of data
C:\Users\Bogdan Strohonov\Desktop\StrategyPrototype\StrategyPrototype\StrategyPrototype.cpp(536,15): warning C4244: 'initializing': conversion from 'int32_t' to 'float', possible loss of data
C:\Users\Bogdan Strohonov\Desktop\StrategyPrototype\StrategyPrototype\StrategyPrototype.cpp(537,15): warning C4244: 'initializing': conversion from 'int32_t' to 'float', possible loss of data
C:\Users\Bogdan Strohonov\Desktop\StrategyPrototype\StrategyPrototype\StrategyPrototype.cpp(622,16): warning C4244: 'initializing': conversion from 'float' to 'int', possible loss of data
C:\Users\Bogdan Strohonov\Desktop\StrategyPrototype\StrategyPrototype\StrategyPrototype.cpp(648,38): warning C4267: 'initializing': conversion from 'size_t' to 'int', possible loss of data
C:\Users\Bogdan Strohonov\Desktop\StrategyPrototype\StrategyPrototype\StrategyPrototype.cpp(697,63): warning C4267: 'argument': conversion from 'size_t' to 'T', possible loss of data
          with
          [
              T=int32_t
          ]
C:\Users\Bogdan Strohonov\Desktop\StrategyPrototype\StrategyPrototype\StrategyPrototype.cpp(745,25): warning C4267: 'initializing': conversion from 'size_t' to 'int', possible loss of data
C:\Users\Bogdan Strohonov\Desktop\StrategyPrototype\StrategyPrototype\StrategyPrototype.cpp(746,25): warning C4267: 'initializing': conversion from 'size_t' to 'int', possible loss of data
C:\Users\Bogdan Strohonov\Desktop\StrategyPrototype\StrategyPrototype\StrategyPrototype.cpp(897,36): warning C4244: 'argument': conversion from 'int' to 'T', possible loss of data
          with
          [
              T=float
          ]
C:\Users\Bogdan Strohonov\Desktop\StrategyPrototype\StrategyPrototype\StrategyPrototype.cpp(897,30): warning C4244: 'argument': conversion from 'int' to 'T', possible loss of data
          with
          [
              T=float
          ]
C:\Users\Bogdan Strohonov\Desktop\StrategyPrototype\StrategyPrototype\StrategyPrototype.cpp(908,38): warning C4244: 'argument': conversion from 'int' to 'T', possible loss of data
          with
          [
              T=float
          ]
C:\Users\Bogdan Strohonov\Desktop\StrategyPrototype\StrategyPrototype\StrategyPrototype.cpp(908,32): warning C4244: 'argument': conversion from 'int' to 'T', possible loss of data
          with
          [
              T=float
          ]
C:\Users\Bogdan Strohonov\Desktop\StrategyPrototype\StrategyPrototype\StrategyPrototype.cpp(914,38): warning C4244: 'argument': conversion from 'int' to 'T', possible loss of data
          with
          [
              T=float
          ]
C:\Users\Bogdan Strohonov\Desktop\StrategyPrototype\StrategyPrototype\StrategyPrototype.cpp(914,32): warning C4244: 'argument': conversion from 'int' to 'T', possible loss of data
          with
          [
              T=float
          ]
C:\Users\Bogdan Strohonov\Desktop\StrategyPrototype\StrategyPrototype\StrategyPrototype.cpp(1003,36): warning C4244: 'argument': conversion from 'int' to 'T', possible loss of data
          with
          [
              T=float
          ]
C:\Users\Bogdan Strohonov\Desktop\StrategyPrototype\StrategyPrototype\StrategyPrototype.cpp(1003,30): warning C4244: 'argument': conversion from 'int' to 'T', possible loss of data
          with
          [
              T=float
          ]
C:\Users\Bogdan Strohonov\Desktop\StrategyPrototype\StrategyPrototype\StrategyPrototype.cpp(1014,38): warning C4244: 'argument': conversion from 'int' to 'T', possible loss of data
          with
          [
              T=float
          ]
C:\Users\Bogdan Strohonov\Desktop\StrategyPrototype\StrategyPrototype\StrategyPrototype.cpp(1014,32): warning C4244: 'argument': conversion from 'int' to 'T', possible loss of data
          with
          [
              T=float
          ]
C:\Users\Bogdan Strohonov\Desktop\StrategyPrototype\StrategyPrototype\StrategyPrototype.cpp(1020,38): warning C4244: 'argument': conversion from 'int' to 'T', possible loss of data
          with
          [
              T=float
          ]
C:\Users\Bogdan Strohonov\Desktop\StrategyPrototype\StrategyPrototype\StrategyPrototype.cpp(1020,32): warning C4244: 'argument': conversion from 'int' to 'T', possible loss of data
          with
          [
              T=float
          ]
C:\Users\Bogdan Strohonov\Desktop\StrategyPrototype\StrategyPrototype\StrategyPrototype.cpp(1046,35): warning C4267: 'initializing': conversion from 'size_t' to 'int', possible loss of data
C:\Users\Bogdan Strohonov\Desktop\StrategyPrototype\StrategyPrototype\StrategyPrototype.cpp(1155,36): warning C4244: 'argument': conversion from 'int' to 'T', possible loss of data
          with
          [
              T=float
          ]
C:\Users\Bogdan Strohonov\Desktop\StrategyPrototype\StrategyPrototype\StrategyPrototype.cpp(1155,30): warning C4244: 'argument': conversion from 'int' to 'T', possible loss of data
          with
          [
              T=float
          ]
C:\Users\Bogdan Strohonov\Desktop\StrategyPrototype\StrategyPrototype\StrategyPrototype.cpp(1166,38): warning C4244: 'argument': conversion from 'int' to 'T', possible loss of data
          with
          [
              T=float
          ]
C:\Users\Bogdan Strohonov\Desktop\StrategyPrototype\StrategyPrototype\StrategyPrototype.cpp(1166,32): warning C4244: 'argument': conversion from 'int' to 'T', possible loss of data
          with
          [
              T=float
          ]
C:\Users\Bogdan Strohonov\Desktop\StrategyPrototype\StrategyPrototype\StrategyPrototype.cpp(1172,38): warning C4244: 'argument': conversion from 'int' to 'T', possible loss of data
          with
          [
              T=float
          ]
C:\Users\Bogdan Strohonov\Desktop\StrategyPrototype\StrategyPrototype\StrategyPrototype.cpp(1172,32): warning C4244: 'argument': conversion from 'int' to 'T', possible loss of data
          with
          [
              T=float
          ]
C:\Users\Bogdan Strohonov\Desktop\StrategyPrototype\StrategyPrototype\StrategyPrototype.cpp(1380,21): warning C4244: '=': conversion from 'float' to 'int', possible loss of data
C:\Users\Bogdan Strohonov\Desktop\StrategyPrototype\StrategyPrototype\StrategyPrototype.cpp(3940,21): warning C4101: 'err': unreferenced local variable
C:\Users\Bogdan Strohonov\Desktop\StrategyPrototype\StrategyPrototype\StrategyPrototype.cpp(5703,6): warning C4101: 'id': unreferenced local variable
C:\Users\Bogdan Strohonov\Desktop\StrategyPrototype\StrategyPrototype\StrategyPrototype.cpp(6449,46): warning C4244: 'argument': conversion from 'float' to 'uint32_t', possible loss of data
C:\Users\Bogdan Strohonov\Desktop\StrategyPrototype\StrategyPrototype\StrategyPrototype.cpp(6452,53): warning C4244: 'argument': conversion from 'float' to 'uint32_t', possible loss of data
C:\Users\Bogdan Strohonov\Desktop\StrategyPrototype\StrategyPrototype\StrategyPrototype.cpp(6456,53): warning C4244: 'argument': conversion from 'float' to 'uint32_t', possible loss of data
C:\Users\Bogdan Strohonov\Desktop\StrategyPrototype\StrategyPrototype\StrategyPrototype.cpp(6460,58): warning C4244: 'argument': conversion from 'float' to 'uint32_t', possible loss of data
C:\Users\Bogdan Strohonov\Desktop\StrategyPrototype\StrategyPrototype\StrategyPrototype.cpp(6464,57): warning C4244: 'argument': conversion from 'float' to 'uint32_t', possible loss of data
C:\Users\Bogdan Strohonov\Desktop\StrategyPrototype\StrategyPrototype\StrategyPrototype.cpp(6474,58): warning C4244: 'argument': conversion from 'float' to 'uint32_t', possible loss of data
C:\Users\Bogdan Strohonov\Desktop\StrategyPrototype\StrategyPrototype\StrategyPrototype.cpp(6485,58): warning C4244: 'argument': conversion from 'float' to 'uint32_t', possible loss of data
C:\Users\Bogdan Strohonov\Desktop\StrategyPrototype\StrategyPrototype\StrategyPrototype.cpp(6503,96): warning C4244: 'argument': conversion from 'float' to 'uint32_t', possible loss of data
C:\Users\Bogdan Strohonov\Desktop\StrategyPrototype\StrategyPrototype\StrategyPrototype.cpp(6507,106): warning C4244: 'argument': conversion from 'float' to 'uint32_t', possible loss of data
C:\Users\Bogdan Strohonov\Desktop\StrategyPrototype\StrategyPrototype\StrategyPrototype.cpp(6511,108): warning C4244: 'argument': conversion from 'float' to 'uint32_t', possible loss of data
C:\Users\Bogdan Strohonov\Desktop\StrategyPrototype\StrategyPrototype\StrategyPrototype.cpp(6519,110): warning C4244: 'argument': conversion from 'float' to 'uint32_t', possible loss of data
C:\Users\Bogdan Strohonov\Desktop\StrategyPrototype\StrategyPrototype\StrategyPrototype.cpp(6529,55): warning C4244: 'argument': conversion from 'float' to 'uint32_t', possible loss of data
C:\Users\Bogdan Strohonov\Desktop\StrategyPrototype\StrategyPrototype\StrategyPrototype.cpp(6686,76): warning C4244: 'argument': conversion from 'int' to 'T', possible loss of data
          with
          [
              T=float
          ]
C:\Users\Bogdan Strohonov\Desktop\StrategyPrototype\StrategyPrototype\StrategyPrototype.cpp(6686,46): warning C4244: 'argument': conversion from 'int' to 'T', possible loss of data
          with
          [
              T=float
          ]
C:\Users\Bogdan Strohonov\Desktop\StrategyPrototype\StrategyPrototype\StrategyPrototype.cpp(7086,47): warning C4244: 'argument': conversion from 'int' to 'T', possible loss of data
          with
          [
              T=float
          ]
C:\Users\Bogdan Strohonov\Desktop\StrategyPrototype\StrategyPrototype\StrategyPrototype.cpp(7491,16): warning C4101: 'err': unreferenced local variable
  UnitDefs.cpp
  Generating code
  1 of 4529 functions (<0.1%) were compiled, the rest were copied from previous compilation.
    0 functions were new in current compilation
    16 functions had inline decision re-evaluated but remain unchanged
  Finished generating code
  StrategyPrototype.vcxproj -> C:\Users\Bogdan Strohonov\Desktop\StrategyPrototype\\StrategyPrototype\bin\Release-x64\StrategyPrototype\StrategyPrototype.exe
