c:\users\bogdan strohonov\desktop\strategyprototype\strategyprototype\intermediate\debug-x64\strategyprototype\vc142.pdb
c:\users\bogdan strohonov\desktop\strategyprototype\strategyprototype\intermediate\debug-x64\strategyprototype\vc142.idb
c:\users\bogdan strohonov\desktop\strategyprototype\strategyprototype\intermediate\debug-x64\strategyprototype\yearcounter.obj
c:\users\bogdan strohonov\desktop\strategyprototype\strategyprototype\intermediate\debug-x64\strategyprototype\unitdefs.obj
c:\users\bogdan strohonov\desktop\strategyprototype\strategyprototype\intermediate\debug-x64\strategyprototype\strategyprototype.obj
c:\users\bogdan strohonov\desktop\strategyprototype\strategyprototype\intermediate\debug-x64\strategyprototype\resources.obj
c:\users\bogdan strohonov\desktop\strategyprototype\strategyprototype\intermediate\debug-x64\strategyprototype\platform.obj
c:\users\bogdan strohonov\desktop\strategyprototype\strategyprototype\intermediate\debug-x64\strategyprototype\olcgameengineinterface.obj
c:\users\bogdan strohonov\desktop\strategyprototype\strategyprototype\intermediate\debug-x64\strategyprototype\gameentity.obj
c:\users\bogdan strohonov\desktop\strategyprototype\strategyprototype\intermediate\debug-x64\strategyprototype\finitestatemachine.obj
c:\users\bogdan strohonov\desktop\strategyprototype\strategyprototype\intermediate\debug-x64\strategyprototype\components.obj
c:\users\bogdan strohonov\desktop\strategyprototype\strategyprototype\intermediate\debug-x64\strategyprototype\unithelpers.obj
c:\users\bogdan strohonov\desktop\strategyprototype\strategyprototype\bin\debug-x64\strategyprototype\strategyprototype.exe
c:\users\bogdan strohonov\desktop\strategyprototype\strategyprototype\bin\debug-x64\strategyprototype\strategyprototype.ilk
c:\users\bogdan strohonov\desktop\strategyprototype\strategyprototype\bin\debug-x64\strategyprototype\strategyprototype.pdb
c:\users\bogdan strohonov\desktop\strategyprototype\strategyprototype\intermediate\debug-x64\strategyprototype\strategyprototype.res
c:\users\bogdan strohonov\desktop\strategyprototype\\strategyprototype\bin\debug-x64\strategyprototype\strategyprototype.pdb
c:\users\bogdan strohonov\desktop\strategyprototype\\strategyprototype\bin\debug-x64\strategyprototype\strategyprototype.exe
c:\users\bogdan strohonov\desktop\strategyprototype\\strategyprototype\bin\debug-x64\strategyprototype\strategyprototype.ilk
c:\users\bogdan strohonov\desktop\strategyprototype\strategyprototype\intermediate\debug-x64\strategyprototype\strategy.af834df9.tlog\cl.command.1.tlog
c:\users\bogdan strohonov\desktop\strategyprototype\strategyprototype\intermediate\debug-x64\strategyprototype\strategy.af834df9.tlog\cl.read.1.tlog
c:\users\bogdan strohonov\desktop\strategyprototype\strategyprototype\intermediate\debug-x64\strategyprototype\strategy.af834df9.tlog\cl.write.1.tlog
c:\users\bogdan strohonov\desktop\strategyprototype\strategyprototype\intermediate\debug-x64\strategyprototype\strategy.af834df9.tlog\link.command.1.tlog
c:\users\bogdan strohonov\desktop\strategyprototype\strategyprototype\intermediate\debug-x64\strategyprototype\strategy.af834df9.tlog\link.read.1.tlog
c:\users\bogdan strohonov\desktop\strategyprototype\strategyprototype\intermediate\debug-x64\strategyprototype\strategy.af834df9.tlog\link.write.1.tlog
c:\users\bogdan strohonov\desktop\strategyprototype\strategyprototype\intermediate\debug-x64\strategyprototype\strategy.af834df9.tlog\rc.command.1.tlog
c:\users\bogdan strohonov\desktop\strategyprototype\strategyprototype\intermediate\debug-x64\strategyprototype\strategy.af834df9.tlog\rc.read.1.tlog
c:\users\bogdan strohonov\desktop\strategyprototype\strategyprototype\intermediate\debug-x64\strategyprototype\strategy.af834df9.tlog\rc.write.1.tlog
