C:\Program Files (x86)\Microsoft Visual Studio\2019\Enterprise\MSBuild\Microsoft\VC\v160\Microsoft.CppBuild.targets(476,5): warning MSB8004: Intermediate Directory does not end with a trailing slash.  This build instance will add the slash as it is required to allow proper evaluation of the Intermediate Directory.
C:\Program Files (x86)\Microsoft Visual Studio\2019\Enterprise\MSBuild\Microsoft\VC\v160\Microsoft.CppBuild.targets(477,5): warning MSB8004: Output Directory does not end with a trailing slash.  This build instance will add the slash as it is required to allow proper evaluation of the Output Directory.
  GameEntity.cpp
C:\Users\Bogdan Strohonov\Desktop\StrategyPrototype\StrategyPrototype\GameEntity.h(493,21): warning C4099: 'MapRessource': type name first seen using 'class' now seen using 'struct'
C:\Users\Bogdan Strohonov\Desktop\StrategyPrototype\StrategyPrototype\GameEntity.h(493): message : see declaration of 'MapRessource'
C:\Users\Bogdan Strohonov\Desktop\StrategyPrototype\StrategyPrototype\GameEntity.cpp(222,28): warning C4244: '-=': conversion from 'float' to 'int', possible loss of data
C:\Users\Bogdan Strohonov\Desktop\StrategyPrototype\StrategyPrototype\GameEntity.cpp(228,28): warning C4244: '+=': conversion from 'float' to 'int', possible loss of data
C:\Users\Bogdan Strohonov\Desktop\StrategyPrototype\StrategyPrototype\GameEntity.cpp(252,21): warning C4244: '+=': conversion from 'float' to 'int', possible loss of data
C:\Users\Bogdan Strohonov\Desktop\StrategyPrototype\StrategyPrototype\GameEntity.cpp(255,21): warning C4244: '-=': conversion from 'float' to 'int', possible loss of data
C:\Users\Bogdan Strohonov\Desktop\StrategyPrototype\StrategyPrototype\GameEntity.cpp(258,21): warning C4244: '-=': conversion from 'float' to 'int', possible loss of data
C:\Users\Bogdan Strohonov\Desktop\StrategyPrototype\StrategyPrototype\GameEntity.cpp(261,21): warning C4244: '-=': conversion from 'float' to 'int', possible loss of data
C:\Users\Bogdan Strohonov\Desktop\StrategyPrototype\StrategyPrototype\GameEntity.cpp(266,21): warning C4244: '+=': conversion from 'float' to 'int', possible loss of data
C:\Users\Bogdan Strohonov\Desktop\StrategyPrototype\StrategyPrototype\GameEntity.cpp(269,21): warning C4244: '+=': conversion from 'float' to 'int', possible loss of data
C:\Users\Bogdan Strohonov\Desktop\StrategyPrototype\StrategyPrototype\GameEntity.cpp(272,21): warning C4244: '+=': conversion from 'float' to 'int', possible loss of data
C:\Users\Bogdan Strohonov\Desktop\StrategyPrototype\StrategyPrototype\GameEntity.cpp(288,29): warning C4244: '+=': conversion from 'float' to 'int', possible loss of data
C:\Users\Bogdan Strohonov\Desktop\StrategyPrototype\StrategyPrototype\GameEntity.cpp(294,29): warning C4244: '+=': conversion from 'float' to 'int', possible loss of data
C:\Users\Bogdan Strohonov\Desktop\StrategyPrototype\StrategyPrototype\GameEntity.cpp(297,29): warning C4244: '+=': conversion from 'float' to 'int', possible loss of data
C:\Users\Bogdan Strohonov\Desktop\StrategyPrototype\StrategyPrototype\GameEntity.cpp(300,29): warning C4244: '-=': conversion from 'float' to 'int', possible loss of data
C:\Users\Bogdan Strohonov\Desktop\StrategyPrototype\StrategyPrototype\GameEntity.cpp(303,29): warning C4244: '-=': conversion from 'float' to 'int', possible loss of data
C:\Users\Bogdan Strohonov\Desktop\StrategyPrototype\StrategyPrototype\GameEntity.cpp(306,29): warning C4244: '-=': conversion from 'float' to 'int', possible loss of data
  StrategyPrototype.cpp
C:\Users\Bogdan Strohonov\Desktop\StrategyPrototype\StrategyPrototype\GameEntity.h(493,21): warning C4099: 'MapRessource': type name first seen using 'class' now seen using 'struct'
C:\Users\Bogdan Strohonov\Desktop\StrategyPrototype\StrategyPrototype\GameEntity.h(493): message : see declaration of 'MapRessource'
C:\Users\Bogdan Strohonov\Desktop\StrategyPrototype\StrategyPrototype\StrategyPrototype.h(207,1): warning C4554: '&': check operator precedence for possible error; use parentheses to clarify precedence
C:\Users\Bogdan Strohonov\Desktop\StrategyPrototype\StrategyPrototype\StrategyPrototype.cpp(203,60): warning C4244: '=': conversion from 'int32_t' to 'float', possible loss of data
C:\Users\Bogdan Strohonov\Desktop\StrategyPrototype\StrategyPrototype\StrategyPrototype.cpp(204,60): warning C4244: '=': conversion from 'int32_t' to 'float', possible loss of data
C:\Users\Bogdan Strohonov\Desktop\StrategyPrototype\StrategyPrototype\StrategyPrototype.cpp(215,18): warning C4244: 'initializing': conversion from 'int' to 'float', possible loss of data
C:\Users\Bogdan Strohonov\Desktop\StrategyPrototype\StrategyPrototype\StrategyPrototype.cpp(216,18): warning C4244: 'initializing': conversion from 'int' to 'float', possible loss of data
C:\Users\Bogdan Strohonov\Desktop\StrategyPrototype\StrategyPrototype\StrategyPrototype.cpp(222,15): warning C4244: 'initializing': conversion from 'int32_t' to 'float', possible loss of data
C:\Users\Bogdan Strohonov\Desktop\StrategyPrototype\StrategyPrototype\StrategyPrototype.cpp(223,15): warning C4244: 'initializing': conversion from 'int32_t' to 'float', possible loss of data
C:\Users\Bogdan Strohonov\Desktop\StrategyPrototype\StrategyPrototype\StrategyPrototype.cpp(308,16): warning C4244: 'initializing': conversion from 'float' to 'int', possible loss of data
C:\Users\Bogdan Strohonov\Desktop\StrategyPrototype\StrategyPrototype\StrategyPrototype.cpp(334,38): warning C4267: 'initializing': conversion from 'size_t' to 'int', possible loss of data
C:\Users\Bogdan Strohonov\Desktop\StrategyPrototype\StrategyPrototype\StrategyPrototype.cpp(383,63): warning C4267: 'argument': conversion from 'size_t' to 'T', possible loss of data
          with
          [
              T=int32_t
          ]
C:\Users\Bogdan Strohonov\Desktop\StrategyPrototype\StrategyPrototype\StrategyPrototype.cpp(431,25): warning C4267: 'initializing': conversion from 'size_t' to 'int', possible loss of data
C:\Users\Bogdan Strohonov\Desktop\StrategyPrototype\StrategyPrototype\StrategyPrototype.cpp(432,25): warning C4267: 'initializing': conversion from 'size_t' to 'int', possible loss of data
C:\Users\Bogdan Strohonov\Desktop\StrategyPrototype\StrategyPrototype\StrategyPrototype.cpp(583,36): warning C4244: 'argument': conversion from 'int' to 'T', possible loss of data
          with
          [
              T=float
          ]
C:\Users\Bogdan Strohonov\Desktop\StrategyPrototype\StrategyPrototype\StrategyPrototype.cpp(583,30): warning C4244: 'argument': conversion from 'int' to 'T', possible loss of data
          with
          [
              T=float
          ]
C:\Users\Bogdan Strohonov\Desktop\StrategyPrototype\StrategyPrototype\StrategyPrototype.cpp(594,38): warning C4244: 'argument': conversion from 'int' to 'T', possible loss of data
          with
          [
              T=float
          ]
C:\Users\Bogdan Strohonov\Desktop\StrategyPrototype\StrategyPrototype\StrategyPrototype.cpp(594,32): warning C4244: 'argument': conversion from 'int' to 'T', possible loss of data
          with
          [
              T=float
          ]
C:\Users\Bogdan Strohonov\Desktop\StrategyPrototype\StrategyPrototype\StrategyPrototype.cpp(600,38): warning C4244: 'argument': conversion from 'int' to 'T', possible loss of data
          with
          [
              T=float
          ]
C:\Users\Bogdan Strohonov\Desktop\StrategyPrototype\StrategyPrototype\StrategyPrototype.cpp(600,32): warning C4244: 'argument': conversion from 'int' to 'T', possible loss of data
          with
          [
              T=float
          ]
C:\Users\Bogdan Strohonov\Desktop\StrategyPrototype\StrategyPrototype\StrategyPrototype.cpp(689,36): warning C4244: 'argument': conversion from 'int' to 'T', possible loss of data
          with
          [
              T=float
          ]
C:\Users\Bogdan Strohonov\Desktop\StrategyPrototype\StrategyPrototype\StrategyPrototype.cpp(689,30): warning C4244: 'argument': conversion from 'int' to 'T', possible loss of data
          with
          [
              T=float
          ]
C:\Users\Bogdan Strohonov\Desktop\StrategyPrototype\StrategyPrototype\StrategyPrototype.cpp(700,38): warning C4244: 'argument': conversion from 'int' to 'T', possible loss of data
          with
          [
              T=float
          ]
C:\Users\Bogdan Strohonov\Desktop\StrategyPrototype\StrategyPrototype\StrategyPrototype.cpp(700,32): warning C4244: 'argument': conversion from 'int' to 'T', possible loss of data
          with
          [
              T=float
          ]
C:\Users\Bogdan Strohonov\Desktop\StrategyPrototype\StrategyPrototype\StrategyPrototype.cpp(706,38): warning C4244: 'argument': conversion from 'int' to 'T', possible loss of data
          with
          [
              T=float
          ]
C:\Users\Bogdan Strohonov\Desktop\StrategyPrototype\StrategyPrototype\StrategyPrototype.cpp(706,32): warning C4244: 'argument': conversion from 'int' to 'T', possible loss of data
          with
          [
              T=float
          ]
C:\Users\Bogdan Strohonov\Desktop\StrategyPrototype\StrategyPrototype\StrategyPrototype.cpp(732,35): warning C4267: 'initializing': conversion from 'size_t' to 'int', possible loss of data
C:\Users\Bogdan Strohonov\Desktop\StrategyPrototype\StrategyPrototype\StrategyPrototype.cpp(841,36): warning C4244: 'argument': conversion from 'int' to 'T', possible loss of data
          with
          [
              T=float
          ]
C:\Users\Bogdan Strohonov\Desktop\StrategyPrototype\StrategyPrototype\StrategyPrototype.cpp(841,30): warning C4244: 'argument': conversion from 'int' to 'T', possible loss of data
          with
          [
              T=float
          ]
C:\Users\Bogdan Strohonov\Desktop\StrategyPrototype\StrategyPrototype\StrategyPrototype.cpp(852,38): warning C4244: 'argument': conversion from 'int' to 'T', possible loss of data
          with
          [
              T=float
          ]
C:\Users\Bogdan Strohonov\Desktop\StrategyPrototype\StrategyPrototype\StrategyPrototype.cpp(852,32): warning C4244: 'argument': conversion from 'int' to 'T', possible loss of data
          with
          [
              T=float
          ]
C:\Users\Bogdan Strohonov\Desktop\StrategyPrototype\StrategyPrototype\StrategyPrototype.cpp(858,38): warning C4244: 'argument': conversion from 'int' to 'T', possible loss of data
          with
          [
              T=float
          ]
C:\Users\Bogdan Strohonov\Desktop\StrategyPrototype\StrategyPrototype\StrategyPrototype.cpp(858,32): warning C4244: 'argument': conversion from 'int' to 'T', possible loss of data
          with
          [
              T=float
          ]
C:\Users\Bogdan Strohonov\Desktop\StrategyPrototype\StrategyPrototype\StrategyPrototype.cpp(1068,21): warning C4244: '=': conversion from 'float' to 'int', possible loss of data
C:\Users\Bogdan Strohonov\Desktop\StrategyPrototype\StrategyPrototype\StrategyPrototype.cpp(2750,6): warning C4101: 'id': unreferenced local variable
C:\Users\Bogdan Strohonov\Desktop\StrategyPrototype\StrategyPrototype\StrategyPrototype.cpp(3195,46): warning C4244: 'argument': conversion from 'float' to 'uint32_t', possible loss of data
C:\Users\Bogdan Strohonov\Desktop\StrategyPrototype\StrategyPrototype\StrategyPrototype.cpp(3198,53): warning C4244: 'argument': conversion from 'float' to 'uint32_t', possible loss of data
C:\Users\Bogdan Strohonov\Desktop\StrategyPrototype\StrategyPrototype\StrategyPrototype.cpp(3202,53): warning C4244: 'argument': conversion from 'float' to 'uint32_t', possible loss of data
C:\Users\Bogdan Strohonov\Desktop\StrategyPrototype\StrategyPrototype\StrategyPrototype.cpp(3206,58): warning C4244: 'argument': conversion from 'float' to 'uint32_t', possible loss of data
C:\Users\Bogdan Strohonov\Desktop\StrategyPrototype\StrategyPrototype\StrategyPrototype.cpp(3210,57): warning C4244: 'argument': conversion from 'float' to 'uint32_t', possible loss of data
C:\Users\Bogdan Strohonov\Desktop\StrategyPrototype\StrategyPrototype\StrategyPrototype.cpp(3220,58): warning C4244: 'argument': conversion from 'float' to 'uint32_t', possible loss of data
C:\Users\Bogdan Strohonov\Desktop\StrategyPrototype\StrategyPrototype\StrategyPrototype.cpp(3231,58): warning C4244: 'argument': conversion from 'float' to 'uint32_t', possible loss of data
C:\Users\Bogdan Strohonov\Desktop\StrategyPrototype\StrategyPrototype\StrategyPrototype.cpp(3249,96): warning C4244: 'argument': conversion from 'float' to 'uint32_t', possible loss of data
C:\Users\Bogdan Strohonov\Desktop\StrategyPrototype\StrategyPrototype\StrategyPrototype.cpp(3253,106): warning C4244: 'argument': conversion from 'float' to 'uint32_t', possible loss of data
C:\Users\Bogdan Strohonov\Desktop\StrategyPrototype\StrategyPrototype\StrategyPrototype.cpp(3257,108): warning C4244: 'argument': conversion from 'float' to 'uint32_t', possible loss of data
C:\Users\Bogdan Strohonov\Desktop\StrategyPrototype\StrategyPrototype\StrategyPrototype.cpp(3265,110): warning C4244: 'argument': conversion from 'float' to 'uint32_t', possible loss of data
C:\Users\Bogdan Strohonov\Desktop\StrategyPrototype\StrategyPrototype\StrategyPrototype.cpp(3275,55): warning C4244: 'argument': conversion from 'float' to 'uint32_t', possible loss of data
C:\Users\Bogdan Strohonov\Desktop\StrategyPrototype\StrategyPrototype\StrategyPrototype.cpp(3413,76): warning C4244: 'argument': conversion from 'int' to 'T', possible loss of data
          with
          [
              T=float
          ]
C:\Users\Bogdan Strohonov\Desktop\StrategyPrototype\StrategyPrototype\StrategyPrototype.cpp(3413,46): warning C4244: 'argument': conversion from 'int' to 'T', possible loss of data
          with
          [
              T=float
          ]
C:\Users\Bogdan Strohonov\Desktop\StrategyPrototype\StrategyPrototype\StrategyPrototype.cpp(3808,47): warning C4244: 'argument': conversion from 'int' to 'T', possible loss of data
          with
          [
              T=float
          ]
C:\Users\Bogdan Strohonov\Desktop\StrategyPrototype\StrategyPrototype\StrategyPrototype.cpp(3892,188): warning C4390: ';': empty controlled statement found; is this the intent?
C:\Users\Bogdan Strohonov\Desktop\StrategyPrototype\StrategyPrototype\StrategyPrototype.cpp(3947,16): warning C4101: 'err': unreferenced local variable
  Generating Code...
C:\Users\Bogdan Strohonov\Desktop\StrategyPrototype\StrategyPrototype\StrategyPrototype.cpp(1025): warning C4715: 'GetPlayer': not all control paths return a value
C:\Users\Bogdan Strohonov\Desktop\StrategyPrototype\StrategyPrototype\StrategyPrototype.cpp(1203): warning C4715: 'Game::RandomColor': not all control paths return a value
C:\Users\Bogdan Strohonov\Desktop\StrategyPrototype\StrategyPrototype\StrategyPrototype.cpp(1183): warning C4172: returning address of local variable or temporary
C:\Users\Bogdan Strohonov\Desktop\StrategyPrototype\StrategyPrototype\StrategyPrototype.cpp(1186): warning C4172: returning address of local variable or temporary
C:\Users\Bogdan Strohonov\Desktop\StrategyPrototype\StrategyPrototype\StrategyPrototype.cpp(1189): warning C4172: returning address of local variable or temporary
C:\Users\Bogdan Strohonov\Desktop\StrategyPrototype\StrategyPrototype\StrategyPrototype.cpp(1192): warning C4172: returning address of local variable or temporary
C:\Users\Bogdan Strohonov\Desktop\StrategyPrototype\StrategyPrototype\StrategyPrototype.cpp(1195): warning C4172: returning address of local variable or temporary
C:\Users\Bogdan Strohonov\Desktop\StrategyPrototype\StrategyPrototype\StrategyPrototype.cpp(1198): warning C4172: returning address of local variable or temporary
C:\Users\Bogdan Strohonov\Desktop\StrategyPrototype\StrategyPrototype\StrategyPrototype.cpp(2510): warning C4715: 'IMGUI::AddSprite': not all control paths return a value
C:\Users\Bogdan Strohonov\Desktop\StrategyPrototype\StrategyPrototype\Components.h(189): warning C4715: 'CMPArtificialIntelligence::TryExecuteStateLogic': not all control paths return a value
C:\Users\Bogdan Strohonov\Desktop\StrategyPrototype\StrategyPrototype\GameEntity.cpp(2953): warning C4715: 'City::GetCurrentCitySprite': not all control paths return a value
C:\Users\Bogdan Strohonov\Desktop\StrategyPrototype\StrategyPrototype\Components.h(318): warning C4715: 'CMPMovementCostModifier::GetRaceModifiedMovementCost': not all control paths return a value
  StrategyPrototype.vcxproj -> C:\Users\Bogdan Strohonov\Desktop\StrategyPrototype\\StrategyPrototype\bin\Debug-x64\StrategyPrototype\StrategyPrototype.exe
